[niche-society.com/about/index.html]
[niche-society.com/index.html]
[niche-society.com/blog/index.html]
[niche-society.com/contact/index.html]
[backblue.gif]
[fade.gif]
[index.html]
[niche-society.com/wp-json/oembed/1.0/embed3725.json]
[niche-society.com/services/index.html]
[niche-society.com/success-stories/index.html]
[niche-society.com/wp-json/oembed/1.0/embed516c]
[niche-society.com/wp-content/themes/astra/assets/css/minified/main.min-rtle32e.css]
[niche-society.com/wp-content/uploads/2019/09/footer-banner-01.jpg]
[niche-society.com/wp-content/plugins/header-footer-elementor/inc/widgets-css/frontend4250.css]
[niche-society.com/wp-includes/css/dist/block-library/style-rtl.mind4d0.css]
[niche-society.com/wp-content/plugins/header-footer-elementor/assets/css/header-footer-elementor4250.css]
[niche-society.com/wp-content/plugins/elementor/assets/lib/eicons/css/elementor-icons.mine085.css]
[niche-society.com/wp-content/uploads/elementor/css/post-1486bcfc.css]
[niche-society.com/wp-content/plugins/elementor/assets/css/widget-image-rtl.min4bf6.css]
[niche-society.com/wp-content/plugins/elementor/assets/css/frontend-rtl.min4bf6.css]
[niche-society.com/wp-content/plugins/elementor/assets/css/widget-heading-rtl.min4bf6.css]
[niche-society.com/wp-content/plugins/elementor/assets/css/widget-icon-list-rtl.min4bf6.css]
[niche-society.com/wp-content/plugins/elementor/assets/css/conditionals/shapes.min4bf6.css]
[niche-society.com/wp-content/plugins/elementor/assets/css/widget-testimonial-rtl.min4bf6.css]
[niche-society.com/wp-content/plugins/elementor/assets/css/widget-image-box-rtl.min4bf6.css]
[niche-society.com/wp-content/plugins/elementor/assets/css/widget-image-gallery-rtl.min4bf6.css]
[niche-society.com/wp-content/plugins/translatepress-multilingual/assets/css/trp-language-switcher-v2459e.css]
[niche-society.com/wp-content/plugins/elementor/assets/lib/eicons/css/elementor-icons.min705c.css]
[niche-society.com/wp-content/plugins/elementor/assets/css/widget-icon-list.min44b4.css]
[niche-society.com/wp-content/plugins/elementor/assets/css/widget-social-icons.min2401.css]
[niche-society.com/wp-content/plugins/elementor/assets/lib/font-awesome/css/brands52d5.css]
[niche-society.com/wp-content/plugins/elementor/assets/lib/font-awesome/css/fontawesome52d5.css]
[niche-society.com/wp-content/plugins/elementor/assets/lib/font-awesome/css/solid52d5.css]
[niche-society.com/wp-includes/js/jquery/jquery-migrate.min5589.js]
[niche-society.com/wp-content/plugins/translatepress-multilingual/assets/js/trp-frontend-language-switcher459e.js]
[niche-society.com/index.html]
[niche-society.com/services/index.html]
[niche-society.com/about/index.html]
[niche-society.com/contact/index.html]
[niche-society.com/blog/index.html]
[niche-society.com/success-stories/index.html]
[niche-society.com/wp-content/themes/astra/assets/css/minified/main.min-rtle32e.css]
[niche-society.com/wp-content/plugins/header-footer-elementor/inc/widgets-css/frontend4250.css]
[niche-society.com/wp-includes/css/dist/block-library/style-rtl.mind4d0.css]
[niche-society.com/wp-content/plugins/header-footer-elementor/assets/css/header-footer-elementor4250.css]
[niche-society.com/wp-content/plugins/elementor/assets/lib/eicons/css/elementor-icons.mine085.css]
[niche-society.com/wp-content/plugins/elementor/assets/css/frontend-rtl.min4bf6.css]
[niche-society.com/wp-content/uploads/elementor/css/post-1486bcfc.css]
[niche-society.com/wp-content/plugins/elementor/assets/css/widget-image-rtl.min4bf6.css]
[niche-society.com/wp-content/plugins/elementor/assets/css/widget-heading-rtl.min4bf6.css]
[niche-society.com/wp-content/plugins/elementor/assets/css/widget-icon-list-rtl.min4bf6.css]
[niche-society.com/wp-content/plugins/elementor/assets/css/conditionals/shapes.min4bf6.css]
[niche-society.com/wp-content/plugins/elementor/assets/css/widget-testimonial-rtl.min4bf6.css]
[niche-society.com/wp-content/plugins/elementor/assets/css/widget-image-box-rtl.min4bf6.css]
[niche-society.com/wp-content/plugins/elementor/assets/css/widget-image-gallery-rtl.min4bf6.css]
[niche-society.com/wp-content/plugins/translatepress-multilingual/assets/css/trp-language-switcher-v2459e.css]
[niche-society.com/wp-content/plugins/elementor/assets/lib/eicons/css/elementor-icons.min705c.css]
[niche-society.com/wp-content/plugins/elementor/assets/css/widget-icon-list.min44b4.css]
[niche-society.com/wp-content/plugins/elementor/assets/css/widget-social-icons.min2401.css]
[niche-society.com/wp-content/plugins/elementor/assets/lib/font-awesome/css/brands52d5.css]
[niche-society.com/wp-content/plugins/elementor/assets/lib/font-awesome/css/fontawesome52d5.css]
[niche-society.com/wp-content/plugins/elementor/assets/lib/font-awesome/css/solid52d5.css]
[niche-society.com/wp-includes/js/jquery/jquery.minf43b.js]
